<?xml version="1.0" encoding="UTF-8"?>
<!-- Generated by org.testng.reporters.JUnitReportReporter -->
<testsuite hostname="Aditya-PC" failures="0" tests="4" name="com.wbl.test.LoginPageTest" time="30.767" errors="0" timestamp="07 Oct 2021 22:30:13 GMT" skipped="0">
  <testcase classname="com.wbl.test.LoginPageTest" name="login" time="8.456"/>
  <testcase classname="com.wbl.test.LoginPageTest" name="login" time="7.612"/>
  <testcase classname="com.wbl.test.LoginPageTest" name="login" time="7.491"/>
  <testcase classname="com.wbl.test.LoginPageTest" name="login" time="7.208"/>
</testsuite> <!-- com.wbl.test.LoginPageTest -->
