<?xml version="1.0" encoding="UTF-8"?>
<!-- Generated by org.testng.reporters.JUnitReportReporter -->
<testsuite hostname="Aditya-PC" failures="0" tests="1" name="com.wbl.test.RegisterPageTest" time="7.650" errors="0" timestamp="07 Oct 2021 22:30:13 GMT" skipped="0">
  <testcase classname="com.wbl.test.RegisterPageTest" name="Register" time="7.650"/>
</testsuite> <!-- com.wbl.test.RegisterPageTest -->
