<?xml version="1.0" encoding="UTF-8"?>
<!-- Generated by org.testng.reporters.JUnitReportReporter -->
<testsuite skipped="0" hostname="Aditya-PC" name="com.wbl.test.RegisterPageTest" tests="1" failures="0" timestamp="28 Oct 2021 02:33:24 GMT" time="6.850" errors="0">
  <testcase name="Register" time="6.850" classname="com.wbl.test.RegisterPageTest"/>
</testsuite> <!-- com.wbl.test.RegisterPageTest -->
