<?xml version="1.0" encoding="UTF-8"?>
<!-- Generated by org.testng.reporters.JUnitReportReporter -->
<testsuite skipped="0" hostname="Aditya-PC" name="com.wbl.test.LoginPageTest" tests="4" failures="0" timestamp="28 Oct 2021 02:33:24 GMT" time="38.763" errors="0">
  <testcase name="login" time="6.851" classname="com.wbl.test.LoginPageTest"/>
  <testcase name="login" time="7.880" classname="com.wbl.test.LoginPageTest"/>
  <testcase name="login" time="15.091" classname="com.wbl.test.LoginPageTest"/>
  <testcase name="login" time="8.941" classname="com.wbl.test.LoginPageTest"/>
</testsuite> <!-- com.wbl.test.LoginPageTest -->
